<?xml version="1.0" encoding="UTF-8"?>
<testsuite name="board.BoardApplicationTests" tests="2" skipped="0" failures="0" errors="0" timestamp="2023-03-29T01:50:23" hostname="KHE" time="0.164">
  <properties/>
  <testcase name="testSqlSession" classname="board.BoardApplicationTests" time="0.163"/>
  <testcase name="contextLoads" classname="board.BoardApplicationTests" time="0.001"/>
  <system-out><![CDATA[10:50:19.830 [Test worker] DEBUG org.springframework.test.context.junit4.SpringJUnit4ClassRunner - SpringJUnit4ClassRunner constructor called with [class board.BoardApplicationTests]
10:50:19.834 [Test worker] DEBUG org.springframework.test.context.BootstrapUtils - Instantiating CacheAwareContextLoaderDelegate from class [org.springframework.test.context.cache.DefaultCacheAwareContextLoaderDelegate]
10:50:19.839 [Test worker] DEBUG org.springframework.test.context.BootstrapUtils - Instantiating BootstrapContext using constructor [public org.springframework.test.context.support.DefaultBootstrapContext(java.lang.Class,org.springframework.test.context.CacheAwareContextLoaderDelegate)]
10:50:19.847 [Test worker] DEBUG org.springframework.test.context.BootstrapUtils - Instantiating TestContextBootstrapper for test class [board.BoardApplicationTests] from class [org.springframework.boot.test.context.SpringBootTestContextBootstrapper]
10:50:19.854 [Test worker] INFO org.springframework.boot.test.context.SpringBootTestContextBootstrapper - Neither @ContextConfiguration nor @ContextHierarchy found for test class [board.BoardApplicationTests], using SpringBootContextLoader
10:50:19.856 [Test worker] DEBUG org.springframework.test.context.support.AbstractContextLoader - Did not detect default resource location for test class [board.BoardApplicationTests]: class path resource [board/BoardApplicationTests-context.xml] does not exist
10:50:19.856 [Test worker] DEBUG org.springframework.test.context.support.AbstractContextLoader - Did not detect default resource location for test class [board.BoardApplicationTests]: class path resource [board/BoardApplicationTestsContext.groovy] does not exist
10:50:19.857 [Test worker] INFO org.springframework.test.context.support.AbstractContextLoader - Could not detect default resource locations for test class [board.BoardApplicationTests]: no resource found for suffixes {-context.xml, Context.groovy}.
10:50:19.857 [Test worker] INFO org.springframework.test.context.support.AnnotationConfigContextLoaderUtils - Could not detect default configuration classes for test class [board.BoardApplicationTests]: BoardApplicationTests does not declare any static, non-private, non-final, nested classes annotated with @Configuration.
10:50:19.877 [Test worker] DEBUG org.springframework.test.context.support.ActiveProfilesUtils - Could not find an 'annotation declaring class' for annotation type [org.springframework.test.context.ActiveProfiles] and class [board.BoardApplicationTests]
10:50:19.914 [Test worker] DEBUG org.springframework.context.annotation.ClassPathScanningCandidateComponentProvider - Identified candidate component class: file [C:\Users\com\Downloads\06장\06장\build\classes\java\main\board\BoardApplication.class]
10:50:19.915 [Test worker] INFO org.springframework.boot.test.context.SpringBootTestContextBootstrapper - Found @SpringBootConfiguration board.BoardApplication for test class board.BoardApplicationTests
10:50:19.972 [Test worker] DEBUG org.springframework.boot.test.context.SpringBootTestContextBootstrapper - @TestExecutionListeners is not present for class [board.BoardApplicationTests]: using defaults.
10:50:19.972 [Test worker] INFO org.springframework.boot.test.context.SpringBootTestContextBootstrapper - Loaded default TestExecutionListener class names from location [META-INF/spring.factories]: [org.springframework.boot.test.autoconfigure.restdocs.RestDocsTestExecutionListener, org.springframework.boot.test.autoconfigure.web.client.MockRestServiceServerResetTestExecutionListener, org.springframework.boot.test.autoconfigure.web.servlet.MockMvcPrintOnlyOnFailureTestExecutionListener, org.springframework.boot.test.autoconfigure.web.servlet.WebDriverTestExecutionListener, org.springframework.boot.test.mock.mockito.MockitoTestExecutionListener, org.springframework.boot.test.mock.mockito.ResetMocksTestExecutionListener, org.springframework.test.context.web.ServletTestExecutionListener, org.springframework.test.context.support.DirtiesContextBeforeModesTestExecutionListener, org.springframework.test.context.support.DependencyInjectionTestExecutionListener, org.springframework.test.context.support.DirtiesContextTestExecutionListener, org.springframework.test.context.transaction.TransactionalTestExecutionListener, org.springframework.test.context.jdbc.SqlScriptsTestExecutionListener]
10:50:19.983 [Test worker] INFO org.springframework.boot.test.context.SpringBootTestContextBootstrapper - Using TestExecutionListeners: [org.springframework.test.context.web.ServletTestExecutionListener@79cd6e08, org.springframework.test.context.support.DirtiesContextBeforeModesTestExecutionListener@4f92d199, org.springframework.boot.test.mock.mockito.MockitoTestExecutionListener@7a5fc465, org.springframework.boot.test.autoconfigure.SpringBootDependencyInjectionTestExecutionListener@6ce7cf32, org.springframework.test.context.support.DirtiesContextTestExecutionListener@7ec84188, org.springframework.test.context.transaction.TransactionalTestExecutionListener@278f49d1, org.springframework.test.context.jdbc.SqlScriptsTestExecutionListener@2377dda9, org.springframework.boot.test.autoconfigure.restdocs.RestDocsTestExecutionListener@713b08aa, org.springframework.boot.test.autoconfigure.web.client.MockRestServiceServerResetTestExecutionListener@4dc3c304, org.springframework.boot.test.autoconfigure.web.servlet.MockMvcPrintOnlyOnFailureTestExecutionListener@105fcaac, org.springframework.boot.test.autoconfigure.web.servlet.WebDriverTestExecutionListener@dd8c79b, org.springframework.boot.test.mock.mockito.ResetMocksTestExecutionListener@240fe0d2]
10:50:19.984 [Test worker] DEBUG org.springframework.test.annotation.ProfileValueUtils - Retrieved @ProfileValueSourceConfiguration [null] for test class [board.BoardApplicationTests]
10:50:19.984 [Test worker] DEBUG org.springframework.test.annotation.ProfileValueUtils - Retrieved ProfileValueSource type [class org.springframework.test.annotation.SystemProfileValueSource] for class [board.BoardApplicationTests]
10:50:19.984 [Test worker] DEBUG org.springframework.test.annotation.ProfileValueUtils - Retrieved @ProfileValueSourceConfiguration [null] for test class [board.BoardApplicationTests]
10:50:19.985 [Test worker] DEBUG org.springframework.test.annotation.ProfileValueUtils - Retrieved ProfileValueSource type [class org.springframework.test.annotation.SystemProfileValueSource] for class [board.BoardApplicationTests]
10:50:19.987 [Test worker] DEBUG org.springframework.test.context.support.AbstractDirtiesContextTestExecutionListener - Before test class: context [DefaultTestContext@1bd2dbe3 testClass = BoardApplicationTests, testInstance = [null], testMethod = [null], testException = [null], mergedContextConfiguration = [WebMergedContextConfiguration@731d822 testClass = BoardApplicationTests, locations = '{}', classes = '{class board.BoardApplication}', contextInitializerClasses = '[]', activeProfiles = '{}', propertySourceLocations = '{}', propertySourceProperties = '{org.springframework.boot.test.context.SpringBootTestContextBootstrapper=true}', contextCustomizers = set[org.springframework.boot.test.autoconfigure.properties.PropertyMappingContextCustomizer@0, org.springframework.boot.test.autoconfigure.web.servlet.WebDriverContextCustomizerFactory$Customizer@50afad1e, org.springframework.boot.test.context.filter.ExcludeFilterContextCustomizer@3b05c501, org.springframework.boot.test.json.DuplicateJsonObjectContextCustomizerFactory$DuplicateJsonObjectContextCustomizer@3ad5f444, org.springframework.boot.test.mock.mockito.MockitoContextCustomizer@0, org.springframework.boot.test.web.client.TestRestTemplateContextCustomizer@3a99880f], resourceBasePath = 'src/main/webapp', contextLoader = 'org.springframework.boot.test.context.SpringBootContextLoader', parent = [null]], attributes = map['org.springframework.test.context.web.ServletTestExecutionListener.activateListener' -> true]], class annotated with @DirtiesContext [false] with mode [null].
10:50:19.987 [Test worker] DEBUG org.springframework.test.annotation.ProfileValueUtils - Retrieved @ProfileValueSourceConfiguration [null] for test class [board.BoardApplicationTests]
10:50:19.987 [Test worker] DEBUG org.springframework.test.annotation.ProfileValueUtils - Retrieved ProfileValueSource type [class org.springframework.test.annotation.SystemProfileValueSource] for class [board.BoardApplicationTests]
10:50:19.998 [Test worker] DEBUG org.springframework.test.context.support.TestPropertySourceUtils - Adding inlined properties to environment: {spring.jmx.enabled=false, org.springframework.boot.test.context.SpringBootTestContextBootstrapper=true, server.port=-1}
10:50:20,127 |-INFO in ch.qos.logback.core.joran.action.AppenderAction - About to instantiate appender of type [ch.qos.logback.core.ConsoleAppender]
10:50:20,127 |-INFO in ch.qos.logback.core.joran.action.AppenderAction - Naming appender as [console]
10:50:20,130 |-INFO in ch.qos.logback.core.joran.action.NestedComplexPropertyIA - Assuming default type [ch.qos.logback.classic.encoder.PatternLayoutEncoder] for [encoder] property
10:50:20,141 |-INFO in ch.qos.logback.core.joran.action.AppenderAction - About to instantiate appender of type [ch.qos.logback.core.ConsoleAppender]
10:50:20,141 |-INFO in ch.qos.logback.core.joran.action.AppenderAction - Naming appender as [console-infolog]
10:50:20,141 |-INFO in ch.qos.logback.core.joran.action.NestedComplexPropertyIA - Assuming default type [ch.qos.logback.classic.encoder.PatternLayoutEncoder] for [encoder] property
10:50:20,141 |-INFO in ch.qos.logback.classic.joran.action.LoggerAction - Setting level of logger [board] to DEBUG
10:50:20,141 |-INFO in ch.qos.logback.classic.jul.LevelChangePropagator@5f1464bd - Propagating DEBUG level on Logger[board] onto the JUL framework
10:50:20,142 |-INFO in ch.qos.logback.classic.joran.action.LoggerAction - Setting level of logger [jdbc.sqlonly] to INFO
10:50:20,142 |-INFO in ch.qos.logback.classic.jul.LevelChangePropagator@5f1464bd - Propagating INFO level on Logger[jdbc.sqlonly] onto the JUL framework
10:50:20,142 |-INFO in ch.qos.logback.classic.joran.action.LoggerAction - Setting level of logger [jdbc.resultsettable] to INFO
10:50:20,142 |-INFO in ch.qos.logback.classic.jul.LevelChangePropagator@5f1464bd - Propagating INFO level on Logger[jdbc.resultsettable] onto the JUL framework
10:50:20,143 |-INFO in ch.qos.logback.classic.joran.action.LoggerAction - Setting level of logger [org.springframework] to ERROR
10:50:20,143 |-INFO in ch.qos.logback.classic.jul.LevelChangePropagator@5f1464bd - Propagating ERROR level on Logger[org.springframework] onto the JUL framework
10:50:20,143 |-INFO in ch.qos.logback.classic.joran.action.LoggerAction - Setting level of logger [org.springframework.jdbc] to ERROR
10:50:20,143 |-INFO in ch.qos.logback.classic.jul.LevelChangePropagator@5f1464bd - Propagating ERROR level on Logger[org.springframework.jdbc] onto the JUL framework
10:50:20,143 |-INFO in ch.qos.logback.classic.joran.action.RootLoggerAction - Setting level of ROOT logger to ERROR
10:50:20,143 |-INFO in ch.qos.logback.classic.jul.LevelChangePropagator@5f1464bd - Propagating ERROR level on Logger[ROOT] onto the JUL framework
10:50:20,143 |-INFO in ch.qos.logback.core.joran.action.AppenderRefAction - Attaching appender named [console] to Logger[ROOT]
10:50:20,143 |-INFO in ch.qos.logback.classic.joran.action.ConfigurationAction - End of configuration.
10:50:20,144 |-INFO in org.springframework.boot.logging.logback.SpringBootJoranConfigurator@bad23d4 - Registering current configuration as safe fallback point

  .   ____          _            __ _ _
 /\\ / ___'_ __ _ _(_)_ __  __ _ \ \ \ \
( ( )\___ | '_ | '_| | '_ \/ _` | \ \ \ \
 \\/  ___)| |_)| | | | | || (_| |  ) ) ) )
  '  |____| .__|_| |_|_| |_\__, | / / / /
 =========|_|==============|___/=/_/_/_/
 :: Spring Boot ::        (v2.1.1.RELEASE)

2023-03-29 10:50:20,200  INFO [board.BoardApplicationTests] Starting BoardApplicationTests on KHE with PID 18984 (started by com in C:\Users\com\Downloads\06장\06장)
2023-03-29 10:50:20,201 DEBUG [board.BoardApplicationTests] Running with Spring Boot v2.1.1.RELEASE, Spring v5.1.3.RELEASE
2023-03-29 10:50:20,202  INFO [board.BoardApplicationTests] No active profile set, falling back to default profiles: default
2023-03-29 10:50:21,258  INFO [jdbc.sqlonly] SELECT 1

2023-03-29 10:50:21,879  INFO [board.configuration.SecurityConfig] security config.....
2023-03-29 10:50:23,321  INFO [board.BoardApplicationTests] Started BoardApplicationTests in 3.317 seconds (JVM running for 3.943)
org.mybatis.spring.SqlSessionTemplate@182788e4
]]></system-out>
  <system-err><![CDATA[Loading class `com.mysql.jdbc.Driver'. This is deprecated. The new driver class is `com.mysql.cj.jdbc.Driver'. The driver is automatically registered via the SPI and manual loading of the driver class is generally unnecessary.
]]></system-err>
</testsuite>
